#include<sys/types.h>
#include<sys/socket.h>
#include<stdio.h>
#include<netinet/in.h>
#include<unistd.h>
#include<arpa/inet.h>

  main(int argc,char *argv[])
{
 int i,bp,hra,pt,da,epf,c,consd;

 //char msg[10];

 int sockfd=socket(AF_INET,SOCK_STREAM,0);

 struct sockaddr_in ser,cli;

  ser.sin_family=AF_INET;

  ser.sin_port=htons(atoi(argv[2]));

  ser.sin_addr.s_addr=inet_addr(argv[1]);
    bind(sockfd,(struct sockaddr *)&ser,sizeof(ser));
  listen(sockfd,5);
   
 

   for(;;)
{

	int len=sizeof(cli);
   int consd=accept(sockfd,(struct sockaddr *)&cli,&len);


   recv(consd,(int *)&bp,sizeof(bp),0);
recv(consd,(int *)&hra,sizeof(hra),0);
recv(consd,(int *)&da,sizeof(da),0);
recv(consd,(int *)&pt,sizeof(pt),0);
recv(consd,(int *)&epf,sizeof(epf),0);

   
   c=bp+hra+da-epf-pt;
   send(consd,(int *)&c,sizeof(c),0);


 }
  close(consd);
  close(sockfd);
}
 
